<?xml version="1.0" encoding="UTF-8"?>
<testsuite xmlns:xsi="http://www.w3.org/2001/XMLSchema-instance" xsi:noNamespaceSchemaLocation="https://maven.apache.org/surefire/maven-surefire-plugin/xsd/surefire-test-report-3.0.xsd" version="3.0" name="com.clinic.controller.AppointmentControllerIT" time="16.459" tests="4" errors="0" skipped="0" failures="0">
  <properties>
[...]
</properties>
  <testcase name="createAppointment_ShouldSucceed" classname="com.clinic.controller.AppointmentControllerIT" time="2.113">
    <system-out><![CDATA[12:40:14.613 [main] INFO org.springframework.test.context.support.AnnotationConfigContextLoaderUtils -- Could not detect default configuration classes for test class [com.clinic.controller.AppointmentControllerIT]: AppointmentControllerIT does not declare any static, non-private, non-final, nested classes annotated with @Configuration.
12:40:14.972 [main] INFO org.springframework.boot.test.context.SpringBootTestContextBootstrapper -- Found @SpringBootConfiguration com.clinic.ClinicApplication for test class com.clinic.controller.AppointmentControllerIT
12:40:15.267 [main] INFO org.springframework.boot.devtools.restart.RestartApplicationListener -- Restart disabled due to context in which it is running

  .   ____          _            __ _ _
 /\\ / ___'_ __ _ _(_)_ __  __ _ \ \ \ \
( ( )\___ | '_ | '_| | '_ \/ _` | \ \ \ \
 \\/  ___)| |_)| | | | | || (_| |  ) ) ) )
  '  |____| .__|_| |_|_| |_\__, | / / / /
 =========|_|==============|___/=/_/_/_/
 :: Spring Boot ::                (v3.2.2)

2026-02-10 12:40:15 - Starting AppointmentControllerIT using Java 21.0.9 with PID 4920 (started by DELL in D:\ManagerClinic\backend)
2026-02-10 12:40:15 - The following 1 profile is active: "test"
2026-02-10 12:40:19 - Flyway upgrade recommended: H2 2.2.224 is newer than this version of Flyway and support has not been tested. The latest supported version of H2 is 2.2.220.
2026-02-10 12:40:26 - Will secure any request with [org.springframework.security.web.session.DisableEncodeUrlFilter@40bf2ead, org.springframework.security.web.context.request.async.WebAsyncManagerIntegrationFilter@5ce76938, org.springframework.security.web.context.SecurityContextHolderFilter@24c186cc, org.springframework.security.web.header.HeaderWriterFilter@3f36d387, org.springframework.web.filter.CorsFilter@56653a4d, org.springframework.security.web.authentication.logout.LogoutFilter@dfa6f48, com.clinic.security.jwt.JwtAuthenticationFilter@3a22c944, org.springframework.security.web.savedrequest.RequestCacheAwareFilter@5a78e7e3, org.springframework.security.web.servletapi.SecurityContextHolderAwareRequestFilter@5be86750, org.springframework.security.web.authentication.AnonymousAuthenticationFilter@72c743f4, org.springframework.security.web.session.SessionManagementFilter@28736857, org.springframework.security.web.access.ExceptionTranslationFilter@51645204, org.springframework.security.web.access.intercept.AuthorizationFilter@42491839]
2026-02-10 12:40:28 - Started AppointmentControllerIT in 12.84 seconds (process running for 15.23)
2026-02-10 12:40:29 - Securing POST /api/appointments
2026-02-10 12:40:29 - Secured POST /api/appointments
2026-02-10 12:40:30 - Authorizing method invocation ReflectiveMethodInvocation: public com.clinic.dto.response.ApiResponse com.clinic.controller.AppointmentController.createAppointment(com.clinic.dto.request.AppointmentRequest); target is of class [com.clinic.controller.AppointmentController]
2026-02-10 12:40:30 - Authorized method invocation ReflectiveMethodInvocation: public com.clinic.dto.response.ApiResponse com.clinic.controller.AppointmentController.createAppointment(com.clinic.dto.request.AppointmentRequest); target is of class [com.clinic.controller.AppointmentController]
]]></system-out>
    <system-err><![CDATA[WARNING: A Java agent has been loaded dynamically (C:\Users\DELL\.m2\repository\net\bytebuddy\byte-buddy-agent\1.14.11\byte-buddy-agent-1.14.11.jar)
WARNING: If a serviceability tool is in use, please run with -XX:+EnableDynamicAgentLoading to hide this warning
WARNING: If a serviceability tool is not in use, please run with -Djdk.instrument.traceUsage for more information
WARNING: Dynamic loading of agents will be disallowed by default in a future release
]]></system-err>
  </testcase>
  <testcase name="cancelAppointment_AsPatient_ShouldSucceed" classname="com.clinic.controller.AppointmentControllerIT" time="0.179">
    <system-out><![CDATA[2026-02-10 12:40:30 - Securing PUT /api/appointments/81fa4030-421f-4bac-acb4-13b34fdc5236/cancel
2026-02-10 12:40:30 - Secured PUT /api/appointments/81fa4030-421f-4bac-acb4-13b34fdc5236/cancel
2026-02-10 12:40:30 - Authorizing method invocation ReflectiveMethodInvocation: public com.clinic.dto.response.ApiResponse com.clinic.controller.AppointmentController.cancelAppointment(java.util.UUID,com.clinic.dto.request.AppointmentCancelRequest); target is of class [com.clinic.controller.AppointmentController]
2026-02-10 12:40:30 - Authorized method invocation ReflectiveMethodInvocation: public com.clinic.dto.response.ApiResponse com.clinic.controller.AppointmentController.cancelAppointment(java.util.UUID,com.clinic.dto.request.AppointmentCancelRequest); target is of class [com.clinic.controller.AppointmentController]
]]></system-out>
  </testcase>
  <testcase name="updateStatus_AsDoctor_ShouldSucceed" classname="com.clinic.controller.AppointmentControllerIT" time="0.148">
    <system-out><![CDATA[2026-02-10 12:40:30 - Securing PUT /api/appointments/61544f79-b7aa-483c-bff6-5037d8a5e241/status
2026-02-10 12:40:30 - Secured PUT /api/appointments/61544f79-b7aa-483c-bff6-5037d8a5e241/status
2026-02-10 12:40:30 - Authorizing method invocation ReflectiveMethodInvocation: public com.clinic.dto.response.ApiResponse com.clinic.controller.AppointmentController.updateStatus(java.util.UUID,com.clinic.dto.request.AppointmentStatusRequest); target is of class [com.clinic.controller.AppointmentController]
2026-02-10 12:40:30 - Authorized method invocation ReflectiveMethodInvocation: public com.clinic.dto.response.ApiResponse com.clinic.controller.AppointmentController.updateStatus(java.util.UUID,com.clinic.dto.request.AppointmentStatusRequest); target is of class [com.clinic.controller.AppointmentController]
]]></system-out>
  </testcase>
  <testcase name="getMyAppointments_ShouldSucceed" classname="com.clinic.controller.AppointmentControllerIT" time="0.157">
    <system-out><![CDATA[2026-02-10 12:40:30 - Securing GET /api/appointments/me
2026-02-10 12:40:30 - Secured GET /api/appointments/me
2026-02-10 12:40:30 - Authorizing method invocation ReflectiveMethodInvocation: public com.clinic.dto.response.ApiResponse com.clinic.controller.AppointmentController.getMyAppointments(); target is of class [com.clinic.controller.AppointmentController]
2026-02-10 12:40:30 - Authorized method invocation ReflectiveMethodInvocation: public com.clinic.dto.response.ApiResponse com.clinic.controller.AppointmentController.getMyAppointments(); target is of class [com.clinic.controller.AppointmentController]
]]></system-out>
  </testcase>
</testsuite>