<?xml version="1.0" encoding="UTF-8"?>
<testsuite xmlns:xsi="http://www.w3.org/2001/XMLSchema-instance" xsi:noNamespaceSchemaLocation="https://maven.apache.org/surefire/maven-surefire-plugin/xsd/surefire-test-report-3.0.xsd" version="3.0" name="com.clinic.security.jwt.JwtTokenProviderTest" time="0.312" tests="3" errors="0" skipped="0" failures="0">
  <properties>
[...]
</properties>
  <testcase name="generateToken_ShouldReturnValidToken" classname="com.clinic.security.jwt.JwtTokenProviderTest" time="0.258"/>
  <testcase name="validateToken_ShouldReturnFalseForInvalidToken" classname="com.clinic.security.jwt.JwtTokenProviderTest" time="0.002">
    <system-out><![CDATA[2026-02-10 12:50:38 - Invalid JWT token: Invalid compact JWT string: Compact JWSs must contain exactly 2 period characters, and compact JWEs must contain exactly 4.  Found: 0
]]></system-out>
  </testcase>
  <testcase name="validateToken_ShouldReturnFalseForExpiredToken" classname="com.clinic.security.jwt.JwtTokenProviderTest" time="0.005">
    <system-out><![CDATA[2026-02-10 12:50:38 - JWT token is expired: JWT expired 1224 milliseconds ago at 2026-02-10T05:50:37.000Z. Current time: 2026-02-10T05:50:38.224Z. Allowed clock skew: 0 milliseconds.
]]></system-out>
  </testcase>
</testsuite>