<?xml version="1.0" encoding="UTF-8"?>
<testsuite xmlns:xsi="http://www.w3.org/2001/XMLSchema-instance" xsi:noNamespaceSchemaLocation="https://maven.apache.org/surefire/maven-surefire-plugin/xsd/surefire-test-report-3.0.xsd" version="3.0" name="com.clinic.service.ChatFunctionServiceTest" time="2.722" tests="4" errors="0" skipped="0" failures="0">
  <properties>
[...]
</properties>
  <testcase name="getClinicInfo_ShouldReturnBasicInfo" classname="com.clinic.service.ChatFunctionServiceTest" time="2.551">
    <system-out><![CDATA[20:05:28.611 [main] INFO com.clinic.service.ChatFunctionService -- AI calling getClinicInfo
]]></system-out>
    <system-err><![CDATA[WARNING: A Java agent has been loaded dynamically (C:\Users\DELL\.m2\repository\net\bytebuddy\byte-buddy-agent\1.14.11\byte-buddy-agent-1.14.11.jar)
WARNING: If a serviceability tool is in use, please run with -XX:+EnableDynamicAgentLoading to hide this warning
WARNING: If a serviceability tool is not in use, please run with -Djdk.instrument.traceUsage for more information
WARNING: Dynamic loading of agents will be disallowed by default in a future release
]]></system-err>
  </testcase>
  <testcase name="searchMedicines_ShouldReturnFormattedList" classname="com.clinic.service.ChatFunctionServiceTest" time="0.063">
    <system-out><![CDATA[20:05:28.730 [main] INFO com.clinic.service.ChatFunctionService -- AI calling searchMedicines: name=Aspirin
]]></system-out>
  </testcase>
  <testcase name="listSpecialties_ShouldReturnFormattedList" classname="com.clinic.service.ChatFunctionServiceTest" time="0.009">
    <system-out><![CDATA[20:05:28.751 [main] INFO com.clinic.service.ChatFunctionService -- AI calling listSpecialties
]]></system-out>
  </testcase>
  <testcase name="searchDoctors_BySpecialty_ShouldReturnDoctors" classname="com.clinic.service.ChatFunctionServiceTest" time="0.017">
    <system-out><![CDATA[20:05:28.767 [main] INFO com.clinic.service.ChatFunctionService -- AI calling searchDoctors: spec=Cardiology, name=null
]]></system-out>
  </testcase>
</testsuite>